2020-02-06 09:44:03,048 INFO Starting Nacos v1.1.4 on SC-201912012126 with PID 8240 (D:\java\project-0722\gmall-0722\nacos\target\nacos-server.jar started by Administrator in D:\java\project-0722\gmall-0722\nacos\bin)

2020-02-06 09:44:03,052 INFO The following profiles are active: standalone

2020-02-06 09:44:04,540 INFO Bean 'org.springframework.security.config.annotation.configuration.ObjectPostProcessorConfiguration' of type [org.springframework.security.config.annotation.configuration.ObjectPostProcessorConfiguration$$EnhancerBySpringCGLIB$$9aa85289] is not eligible for getting processed by all BeanPostProcessors (for example: not eligible for auto-proxying)

2020-02-06 09:44:04,632 INFO Bean 'objectPostProcessor' of type [org.springframework.security.config.annotation.configuration.AutowireBeanFactoryObjectPostProcessor] is not eligible for getting processed by all BeanPostProcessors (for example: not eligible for auto-proxying)

2020-02-06 09:44:04,635 INFO Bean 'org.springframework.security.access.expression.method.DefaultMethodSecurityExpressionHandler@303cf2ba' of type [org.springframework.security.access.expression.method.DefaultMethodSecurityExpressionHandler] is not eligible for getting processed by all BeanPostProcessors (for example: not eligible for auto-proxying)

2020-02-06 09:44:04,639 INFO Bean 'org.springframework.security.config.annotation.method.configuration.GlobalMethodSecurityConfiguration' of type [org.springframework.security.config.annotation.method.configuration.GlobalMethodSecurityConfiguration$$EnhancerBySpringCGLIB$$bf7cf53b] is not eligible for getting processed by all BeanPostProcessors (for example: not eligible for auto-proxying)

2020-02-06 09:44:04,644 INFO Bean 'methodSecurityMetadataSource' of type [org.springframework.security.access.method.DelegatingMethodSecurityMetadataSource] is not eligible for getting processed by all BeanPostProcessors (for example: not eligible for auto-proxying)

2020-02-06 09:44:05,665 INFO Tomcat initialized with port(s): 8848 (http)

2020-02-06 09:44:05,688 INFO Starting service [Tomcat]

2020-02-06 09:44:05,689 INFO Starting Servlet Engine: Apache Tomcat/9.0.13

2020-02-06 09:44:05,700 INFO The APR based Apache Tomcat Native library which allows optimal performance in production environments was not found on the java.library.path: [D:\java\jdk1.8.0_101\bin;C:\Windows\Sun\Java\bin;C:\Windows\system32;C:\Windows;D:\oracle\product\11.2.0\dbhome_1\bin;C:\Windows\system32;C:\Windows;C:\Windows\System32\Wbem;C:\Windows\System32\WindowsPowerShell\v1.0\;C:\Windows\System32\OpenSSH\;D:\Program Files (x86)\TortoiseSVN\bin;D:\java\jdk1.8.0_101\\bin;".;D:\java\jdk1.8.0_101\\lib;D:\java\jdk1.8.0_101\\lib\tool.jar";D:\java\redis\;C:\Program Files\Git\cmd;C:\Program Files (x86)\Microsoft SQL Server\150\DTS\Binn\;D:\java\supermap iserver\supermap-iobjectsjava-9.1.2-17224-71949-win64-all-Bin\Bin;C:\Program Files\TortoiseSVN\bin;D:\Program Files (x86)\;D:\Program Files (x86)\nodejs\;C:\Users\Administrator\.windows-build-tools\python27\;C:\Program Files\MySQL\MySQL Shell 8.0\bin\;C:\Users\Administrator\AppData\Local\Microsoft\WindowsApps;D:\java\apache-maven-3.6.3\bin;D:\Program Files (x86)\nodejs\node_global;;.]

2020-02-06 09:44:05,775 INFO Initializing Spring embedded WebApplicationContext

2020-02-06 09:44:05,775 INFO Root WebApplicationContext: initialization completed in 2679 ms

2020-02-06 09:44:07,621 INFO Use Mysql as the driver

2020-02-06 09:44:07,936 INFO Initializing ExecutorService 'applicationTaskExecutor'

2020-02-06 09:44:08,236 INFO Adding welcome page: class path resource [static/index.html]

2020-02-06 09:44:08,488 INFO Creating filter chain: Ant [pattern='/'], []

2020-02-06 09:44:08,488 INFO Creating filter chain: Ant [pattern='/**/*.css'], []

2020-02-06 09:44:08,488 INFO Creating filter chain: Ant [pattern='/**/*.js'], []

2020-02-06 09:44:08,488 INFO Creating filter chain: Ant [pattern='/**/*.html'], []

2020-02-06 09:44:08,489 INFO Creating filter chain: Ant [pattern='/**/*.map'], []

2020-02-06 09:44:08,489 INFO Creating filter chain: Ant [pattern='/**/*.svg'], []

2020-02-06 09:44:08,489 INFO Creating filter chain: Ant [pattern='/**/*.png'], []

2020-02-06 09:44:08,489 INFO Creating filter chain: Ant [pattern='/**/*.ico'], []

2020-02-06 09:44:08,489 INFO Creating filter chain: Ant [pattern='/console-fe/public/**'], []

2020-02-06 09:44:08,490 INFO Creating filter chain: Ant [pattern='/v1/auth/login'], []

2020-02-06 09:44:08,490 INFO Creating filter chain: Ant [pattern='/v1/console/health/**'], []

2020-02-06 09:44:08,490 INFO Creating filter chain: Ant [pattern='/v1/cs/**'], []

2020-02-06 09:44:08,490 INFO Creating filter chain: Ant [pattern='/v1/ns/**'], []

2020-02-06 09:44:08,490 INFO Creating filter chain: Ant [pattern='/v1/cmdb/**'], []

2020-02-06 09:44:08,490 INFO Creating filter chain: Ant [pattern='/actuator/**'], []

2020-02-06 09:44:08,490 INFO Creating filter chain: Ant [pattern='/v1/console/server/**'], []

2020-02-06 09:44:08,520 INFO Creating filter chain: any request, [org.springframework.security.web.context.request.async.WebAsyncManagerIntegrationFilter@758c83d8, org.springframework.security.web.context.SecurityContextPersistenceFilter@201b6b6f, org.springframework.security.web.header.HeaderWriterFilter@2fc0cc3, org.springframework.security.web.authentication.logout.LogoutFilter@30bcf3c1, com.alibaba.nacos.console.filter.JwtAuthenticationTokenFilter@129b4fe2, org.springframework.security.web.savedrequest.RequestCacheAwareFilter@183e8023, org.springframework.security.web.servletapi.SecurityContextHolderAwareRequestFilter@67ab1c47, org.springframework.security.web.authentication.AnonymousAuthenticationFilter@5af3a0f, org.springframework.security.web.session.SessionManagementFilter@63b1d4fa, org.springframework.security.web.access.ExceptionTranslationFilter@1698ee84, org.springframework.security.web.access.intercept.FilterSecurityInterceptor@338494fa]

2020-02-06 09:44:08,594 INFO Exposing 2 endpoint(s) beneath base path '/actuator'

2020-02-06 09:44:08,618 INFO Initializing ExecutorService 'taskScheduler'

2020-02-06 09:44:08,695 INFO Tomcat started on port(s): 8848 (http) with context path '/nacos'

2020-02-06 09:44:08,700 INFO Started Nacos in 6.949 seconds (JVM running for 7.455)

2020-02-06 09:44:08,700 INFO Nacos Log files: D:\java\project-0722\gmall-0722\nacos/logs/

2020-02-06 09:44:08,700 INFO Nacos Conf files: D:\java\project-0722\gmall-0722\nacos/conf/

2020-02-06 09:44:08,701 INFO Nacos Data files: D:\java\project-0722\gmall-0722\nacos/data/

2020-02-06 09:44:08,701 INFO Nacos started successfully in stand alone mode.

2020-02-06 09:44:12,561 INFO Initializing Spring DispatcherServlet 'dispatcherServlet'

2020-02-06 09:44:12,561 INFO Initializing Servlet 'dispatcherServlet'

2020-02-06 09:44:12,568 INFO Completed initialization in 7 ms

2020-02-06 09:45:46,591 INFO Expired JWT token.

2020-02-06 09:45:46,604 ERROR Responding with unauthorized error. Message - Full authentication is required to access this resource

