2020-02-05 10:43:22,950 INFO PERFORMANCE:|0|0|-1|-1

2020-02-05 10:48:22,952 INFO PERFORMANCE:|0|0|-1|-1

2020-02-05 10:53:22,953 INFO PERFORMANCE:|1|1|-1|-1

2020-02-05 10:58:22,953 INFO PERFORMANCE:|1|1|-1|-1

2020-02-05 11:02:26,669 INFO PERFORMANCE:|0|0|-1|-1

2020-02-05 11:07:26,670 INFO PERFORMANCE:|1|1|-1|-1

2020-02-05 11:12:26,671 INFO PERFORMANCE:|1|1|-1|-1

2020-02-05 11:17:26,673 INFO PERFORMANCE:|2|2|-1|-1

2020-02-05 11:22:26,674 INFO PERFORMANCE:|2|2|-1|-1

2020-02-05 11:27:26,675 INFO PERFORMANCE:|2|2|-1|-1

2020-02-05 11:32:26,675 INFO PERFORMANCE:|2|2|-1|-1

2020-02-05 11:37:26,685 INFO PERFORMANCE:|2|2|-1|-1

2020-02-05 11:42:26,686 INFO PERFORMANCE:|2|2|-1|-1

2020-02-05 11:47:26,687 INFO PERFORMANCE:|2|2|-1|-1

2020-02-05 11:52:26,689 INFO PERFORMANCE:|2|2|-1|-1

2020-02-05 11:57:26,691 INFO PERFORMANCE:|2|2|-1|-1

2020-02-05 12:02:26,692 INFO PERFORMANCE:|2|2|-1|-1

2020-02-05 12:07:26,692 INFO PERFORMANCE:|2|2|-1|-1

2020-02-05 12:12:26,694 INFO PERFORMANCE:|2|2|-1|-1

2020-02-05 12:17:26,694 INFO PERFORMANCE:|2|2|-1|-1

2020-02-05 12:22:26,696 INFO PERFORMANCE:|2|2|-1|-1

2020-02-05 12:27:26,697 INFO PERFORMANCE:|2|2|-1|-1

2020-02-05 12:32:26,698 INFO PERFORMANCE:|2|2|-1|-1

2020-02-05 12:37:26,700 INFO PERFORMANCE:|2|2|-1|-1

2020-02-05 12:42:26,701 INFO PERFORMANCE:|2|2|-1|-1

2020-02-05 12:47:26,703 INFO PERFORMANCE:|2|2|-1|-1

2020-02-05 12:52:26,704 INFO PERFORMANCE:|2|2|-1|-1

2020-02-05 12:57:26,705 INFO PERFORMANCE:|2|2|-1|-1

2020-02-05 13:02:26,707 INFO PERFORMANCE:|2|2|-1|-1

2020-02-05 13:07:26,708 INFO PERFORMANCE:|2|2|-1|-1

2020-02-05 13:12:26,710 INFO PERFORMANCE:|2|2|-1|-1

2020-02-05 13:17:26,712 INFO PERFORMANCE:|2|2|-1|-1

2020-02-05 13:22:26,714 INFO PERFORMANCE:|2|2|-1|-1

2020-02-05 13:27:26,715 INFO PERFORMANCE:|2|2|-1|-1

2020-02-05 13:32:26,717 INFO PERFORMANCE:|2|2|-1|-1

2020-02-05 13:37:26,718 INFO PERFORMANCE:|2|2|-1|-1

2020-02-05 13:42:26,719 INFO PERFORMANCE:|2|2|-1|-1

2020-02-05 13:47:26,721 INFO PERFORMANCE:|2|2|-1|-1

2020-02-05 13:52:26,722 INFO PERFORMANCE:|2|2|-1|-1

2020-02-05 13:57:26,723 INFO PERFORMANCE:|2|2|-1|-1

2020-02-05 14:02:26,725 INFO PERFORMANCE:|2|2|-1|-1

2020-02-05 14:07:26,726 INFO PERFORMANCE:|2|2|-1|-1

2020-02-05 14:12:26,727 INFO PERFORMANCE:|2|2|-1|-1

2020-02-05 14:17:26,728 INFO PERFORMANCE:|2|2|-1|-1

2020-02-05 14:22:26,730 INFO PERFORMANCE:|2|2|-1|-1

2020-02-05 14:27:26,731 INFO PERFORMANCE:|2|2|-1|-1

2020-02-05 14:32:26,731 INFO PERFORMANCE:|2|2|-1|-1

2020-02-05 14:37:26,733 INFO PERFORMANCE:|2|2|-1|-1

2020-02-05 14:42:26,734 INFO PERFORMANCE:|2|2|-1|-1

2020-02-05 14:47:26,735 INFO PERFORMANCE:|2|2|-1|-1

2020-02-05 14:52:26,735 INFO PERFORMANCE:|2|2|-1|-1

2020-02-05 14:57:26,736 INFO PERFORMANCE:|2|2|-1|-1

2020-02-05 15:02:26,738 INFO PERFORMANCE:|2|2|-1|-1

2020-02-05 15:07:26,740 INFO PERFORMANCE:|2|2|-1|-1

2020-02-05 15:12:26,741 INFO PERFORMANCE:|2|2|-1|-1

2020-02-05 15:17:26,741 INFO PERFORMANCE:|2|2|-1|-1

2020-02-05 15:22:26,744 INFO PERFORMANCE:|2|2|-1|-1

2020-02-05 15:27:26,745 INFO PERFORMANCE:|2|2|-1|-1

2020-02-05 15:32:26,746 INFO PERFORMANCE:|2|2|-1|-1

2020-02-05 15:37:26,748 INFO PERFORMANCE:|2|2|-1|-1

2020-02-05 15:42:26,750 INFO PERFORMANCE:|2|2|-1|-1

